<?xml version="1.0" encoding="UTF-8"?>
<!-- Generated by org.testng.reporters.JUnitReportReporter -->
<testsuite hostname="TMZ-DPC-2289" failures="0" tests="2" name="runnerFile.RunnerFile" time="118.278" errors="1" timestamp="2023-07-26T15:02:43 IST" skipped="0">
  <testcase classname="runnerFile.RunnerFile" name="runScenario" time="47.166">
    <error type="java.lang.NullPointerException">
      <![CDATA[java.lang.NullPointerException
at java.base/java.util.Objects.requireNonNull(Objects.java:208)
at org.openqa.selenium.support.ui.FluentWait.<init>(FluentWait.java:106)
at org.openqa.selenium.support.ui.WebDriverWait.<init>(WebDriverWait.java:85)
at org.openqa.selenium.support.ui.WebDriverWait.<init>(WebDriverWait.java:45)
at StepDefinition_ThirdModule.PaymentToUser.enter_some_description_in_the_textbox_for_the_user_needs(PaymentToUser.java:103)
at ✽.enter some description in the textbox for the user needs(file:///C:/Users/sraja/eclipse-workspace/Spartans_Pilot_Project1/src/test/resources/FeatureFiles/3_Payment/3.2PaymentToSystem.feature:23)
]]>
    </error>
  </testcase> <!-- runScenario -->
  <system-out/>
  <testcase classname="runnerFile.RunnerFile" name="runScenario" time="71.112"/>
  <system-out/>
</testsuite> <!-- runnerFile.RunnerFile -->
