<?xml version="1.0" encoding="UTF-8"?>
<testng-results ignored="0" total="7" passed="7" failed="0" skipped="0">
  <reporter-output>
  </reporter-output>
  <suite started-at="2023-07-26T14:54:24 IST" name="Default suite" finished-at="2023-07-26T14:58:33 IST" duration-ms="248392">
    <groups>
      <group name="cucumber">
        <method signature="AbstractTestNGCucumberTests.runScenario(io.cucumber.testng.PickleWrapper,io.cucumber.testng.FeatureWrapper)[pri:0, instance:RunnerFile.AccountInformationRunner@2892d68]" name="runScenario" class="io.cucumber.testng.AbstractTestNGCucumberTests"/>
      </group> <!-- cucumber -->
    </groups>
    <test started-at="2023-07-26T14:54:24 IST" name="Default test" finished-at="2023-07-26T14:58:33 IST" duration-ms="248392">
      <class name="RunnerFile.AccountInformationRunner">
        <test-method is-config="true" signature="setUpClass(org.testng.ITestContext)[pri:0, instance:RunnerFile.AccountInformationRunner@2892d68]" started-at="2023-07-26T14:54:24 IST" name="setUpClass" finished-at="2023-07-26T14:54:25 IST" duration-ms="590" status="PASS">
          <params>
            <param index="0">
              <value>
                <![CDATA[org.testng.TestRunner@1a4cbcc6]]>
              </value>
            </param>
          </params>
          <reporter-output>
          </reporter-output>
        </test-method> <!-- setUpClass -->
        <test-method signature="runScenario(io.cucumber.testng.PickleWrapper,io.cucumber.testng.FeatureWrapper)[pri:0, instance:RunnerFile.AccountInformationRunner@2892d68]" started-at="2023-07-26T14:54:25 IST" name="runScenario" description="Runs Cucumber Scenarios" data-provider="scenarios" finished-at="2023-07-26T14:54:47 IST" duration-ms="21563" status="PASS">
          <params>
            <param index="0">
              <value>
                <![CDATA["View Account Summary"]]>
              </value>
            </param>
            <param index="1">
              <value>
                <![CDATA["Optional[Banking Account Information]"]]>
              </value>
            </param>
          </params>
          <reporter-output>
          </reporter-output>
        </test-method> <!-- runScenario -->
        <test-method signature="runScenario(io.cucumber.testng.PickleWrapper,io.cucumber.testng.FeatureWrapper)[pri:0, instance:RunnerFile.AccountInformationRunner@2892d68]" started-at="2023-07-26T14:54:47 IST" name="runScenario" description="Runs Cucumber Scenarios" data-provider="scenarios" finished-at="2023-07-26T14:55:22 IST" duration-ms="35182" status="PASS">
          <params>
            <param index="0">
              <value>
                <![CDATA["View Current Balance"]]>
              </value>
            </param>
            <param index="1">
              <value>
                <![CDATA["Optional[Banking Account Information]"]]>
              </value>
            </param>
          </params>
          <reporter-output>
          </reporter-output>
        </test-method> <!-- runScenario -->
        <test-method signature="runScenario(io.cucumber.testng.PickleWrapper,io.cucumber.testng.FeatureWrapper)[pri:0, instance:RunnerFile.AccountInformationRunner@2892d68]" started-at="2023-07-26T14:55:22 IST" name="runScenario" description="Runs Cucumber Scenarios" data-provider="scenarios" finished-at="2023-07-26T14:56:03 IST" duration-ms="41706" status="PASS">
          <params>
            <param index="0">
              <value>
                <![CDATA["View Payment History"]]>
              </value>
            </param>
            <param index="1">
              <value>
                <![CDATA["Optional[Banking Account Information]"]]>
              </value>
            </param>
          </params>
          <reporter-output>
          </reporter-output>
        </test-method> <!-- runScenario -->
        <test-method signature="runScenario(io.cucumber.testng.PickleWrapper,io.cucumber.testng.FeatureWrapper)[pri:0, instance:RunnerFile.AccountInformationRunner@2892d68]" started-at="2023-07-26T14:56:03 IST" name="runScenario" description="Runs Cucumber Scenarios" data-provider="scenarios" finished-at="2023-07-26T14:56:29 IST" duration-ms="26000" status="PASS">
          <params>
            <param index="0">
              <value>
                <![CDATA["Print and Export Payment"]]>
              </value>
            </param>
            <param index="1">
              <value>
                <![CDATA["Optional[Banking Account Information]"]]>
              </value>
            </param>
          </params>
          <reporter-output>
          </reporter-output>
        </test-method> <!-- runScenario -->
        <test-method signature="runScenario(io.cucumber.testng.PickleWrapper,io.cucumber.testng.FeatureWrapper)[pri:0, instance:RunnerFile.AccountInformationRunner@2892d68]" started-at="2023-07-26T14:56:29 IST" name="runScenario" description="Runs Cucumber Scenarios" data-provider="scenarios" finished-at="2023-07-26T14:57:11 IST" duration-ms="41144" status="PASS">
          <params>
            <param index="0">
              <value>
                <![CDATA["Search Payments"]]>
              </value>
            </param>
            <param index="1">
              <value>
                <![CDATA["Optional[Banking Account Information]"]]>
              </value>
            </param>
          </params>
          <reporter-output>
          </reporter-output>
        </test-method> <!-- runScenario -->
        <test-method signature="runScenario(io.cucumber.testng.PickleWrapper,io.cucumber.testng.FeatureWrapper)[pri:0, instance:RunnerFile.AccountInformationRunner@2892d68]" started-at="2023-07-26T14:57:11 IST" name="runScenario" description="Runs Cucumber Scenarios" data-provider="scenarios" finished-at="2023-07-26T14:58:02 IST" duration-ms="50962" status="PASS">
          <params>
            <param index="0">
              <value>
                <![CDATA["View Payment Details"]]>
              </value>
            </param>
            <param index="1">
              <value>
                <![CDATA["Optional[Banking Account Information]"]]>
              </value>
            </param>
          </params>
          <reporter-output>
          </reporter-output>
        </test-method> <!-- runScenario -->
        <test-method signature="runScenario(io.cucumber.testng.PickleWrapper,io.cucumber.testng.FeatureWrapper)[pri:0, instance:RunnerFile.AccountInformationRunner@2892d68]" started-at="2023-07-26T14:58:02 IST" name="runScenario" description="Runs Cucumber Scenarios" data-provider="scenarios" finished-at="2023-07-26T14:58:29 IST" duration-ms="27845" status="PASS">
          <params>
            <param index="0">
              <value>
                <![CDATA["Print Payment Details"]]>
              </value>
            </param>
            <param index="1">
              <value>
                <![CDATA["Optional[Banking Account Information]"]]>
              </value>
            </param>
          </params>
          <reporter-output>
          </reporter-output>
        </test-method> <!-- runScenario -->
        <test-method is-config="true" signature="tearDownClass()[pri:0, instance:RunnerFile.AccountInformationRunner@2892d68]" started-at="2023-07-26T14:58:29 IST" name="tearDownClass" finished-at="2023-07-26T14:58:33 IST" duration-ms="3357" status="PASS">
          <reporter-output>
          </reporter-output>
        </test-method> <!-- tearDownClass -->
      </class> <!-- RunnerFile.AccountInformationRunner -->
    </test> <!-- Default test -->
  </suite> <!-- Default suite -->
</testng-results>
