<?xml version="1.0" encoding="UTF-8"?>
<testng-results ignored="0" total="4" passed="4" failed="0" skipped="0">
  <reporter-output>
  </reporter-output>
  <suite started-at="2023-07-25T19:23:19 IST" name="Payment" finished-at="2023-07-25T19:26:22 IST" duration-ms="182378">
    <groups>
      <group name="cucumber">
        <method signature="AbstractTestNGCucumberTests.runScenario(io.cucumber.testng.PickleWrapper,io.cucumber.testng.FeatureWrapper)[pri:0, instance:runnerFile.RunnerFile@28dcca0c]" name="runScenario" class="io.cucumber.testng.AbstractTestNGCucumberTests"/>
      </group> <!-- cucumber -->
    </groups>
    <test started-at="2023-07-25T19:23:19 IST" name="Verification" finished-at="2023-07-25T19:26:22 IST" duration-ms="182378">
      <class name="runnerFile.RunnerFile">
        <test-method is-config="true" signature="setUpClass(org.testng.ITestContext)[pri:0, instance:runnerFile.RunnerFile@28dcca0c]" started-at="2023-07-25T19:23:19 IST" name="setUpClass" finished-at="2023-07-25T19:23:21 IST" duration-ms="1331" status="PASS">
          <params>
            <param index="0">
              <value>
                <![CDATA[org.testng.TestRunner@3c9ef37b]]>
              </value>
            </param>
          </params>
          <reporter-output>
          </reporter-output>
        </test-method> <!-- setUpClass -->
        <test-method signature="runScenario(io.cucumber.testng.PickleWrapper,io.cucumber.testng.FeatureWrapper)[pri:0, instance:runnerFile.RunnerFile@28dcca0c]" started-at="2023-07-25T19:23:21 IST" name="runScenario" description="Runs Cucumber Scenarios" data-provider="scenarios" finished-at="2023-07-25T19:24:02 IST" duration-ms="40862" status="PASS">
          <params>
            <param index="0">
              <value>
                <![CDATA["User should transact the amount to another user"]]>
              </value>
            </param>
            <param index="1">
              <value>
                <![CDATA["Optional[Payment to User]"]]>
              </value>
            </param>
          </params>
          <reporter-output>
          </reporter-output>
        </test-method> <!-- runScenario -->
        <test-method signature="runScenario(io.cucumber.testng.PickleWrapper,io.cucumber.testng.FeatureWrapper)[pri:0, instance:runnerFile.RunnerFile@28dcca0c]" started-at="2023-07-25T19:24:02 IST" name="runScenario" description="Runs Cucumber Scenarios" data-provider="scenarios" finished-at="2023-07-25T19:24:37 IST" duration-ms="35643" status="PASS">
          <params>
            <param index="0">
              <value>
                <![CDATA["User should transact the amount to own account by scheduled methods"]]>
              </value>
            </param>
            <param index="1">
              <value>
                <![CDATA["Optional[Payment to System]"]]>
              </value>
            </param>
          </params>
          <reporter-output>
          </reporter-output>
        </test-method> <!-- runScenario -->
        <test-method signature="runScenario(io.cucumber.testng.PickleWrapper,io.cucumber.testng.FeatureWrapper)[pri:0, instance:runnerFile.RunnerFile@28dcca0c]" started-at="2023-07-25T19:24:37 IST" name="runScenario" description="Runs Cucumber Scenarios" data-provider="scenarios" finished-at="2023-07-25T19:25:17 IST" duration-ms="40109" status="PASS">
          <params>
            <param index="0">
              <value>
                <![CDATA["User should transact the amount to own account by monthly installments"]]>
              </value>
            </param>
            <param index="1">
              <value>
                <![CDATA["Optional[Payment to System]"]]>
              </value>
            </param>
          </params>
          <reporter-output>
          </reporter-output>
        </test-method> <!-- runScenario -->
        <test-method signature="runScenario(io.cucumber.testng.PickleWrapper,io.cucumber.testng.FeatureWrapper)[pri:0, instance:runnerFile.RunnerFile@28dcca0c]" started-at="2023-07-25T19:25:17 IST" name="runScenario" description="Runs Cucumber Scenarios" data-provider="scenarios" finished-at="2023-07-25T19:26:04 IST" duration-ms="46500" status="PASS">
          <params>
            <param index="0">
              <value>
                <![CDATA["User should request the amount"]]>
              </value>
            </param>
            <param index="1">
              <value>
                <![CDATA["Optional[Payment Requests]"]]>
              </value>
            </param>
          </params>
          <reporter-output>
          </reporter-output>
        </test-method> <!-- runScenario -->
        <test-method is-config="true" signature="tearDownClass()[pri:0, instance:runnerFile.RunnerFile@28dcca0c]" started-at="2023-07-25T19:26:04 IST" name="tearDownClass" finished-at="2023-07-25T19:26:22 IST" duration-ms="17878" status="PASS">
          <reporter-output>
          </reporter-output>
        </test-method> <!-- tearDownClass -->
      </class> <!-- runnerFile.RunnerFile -->
    </test> <!-- Verification -->
  </suite> <!-- Payment -->
</testng-results>
