<?xml version="1.0" encoding="UTF-8"?>
<testng-results ignored="0" total="6" passed="6" failed="0" skipped="0">
  <reporter-output>
  </reporter-output>
  <suite started-at="2023-07-27T10:54:07 IST" name="Default suite" finished-at="2023-07-27T10:54:08 IST" duration-ms="899">
    <groups>
      <group name="cucumber">
        <method signature="AbstractTestNGCucumberTests.runScenario(io.cucumber.testng.PickleWrapper,io.cucumber.testng.FeatureWrapper)[pri:0, instance:RunnerFile.RunnerPilot@2a7f1f10]" name="runScenario" class="io.cucumber.testng.AbstractTestNGCucumberTests"/>
      </group> <!-- cucumber -->
    </groups>
    <test started-at="2023-07-27T10:54:07 IST" name="Default test" finished-at="2023-07-27T10:54:08 IST" duration-ms="899">
      <class name="RunnerFile.RunnerPilot">
        <test-method is-config="true" signature="setUpClass(org.testng.ITestContext)[pri:0, instance:RunnerFile.RunnerPilot@2a7f1f10]" started-at="2023-07-27T10:54:07 IST" name="setUpClass" finished-at="2023-07-27T10:54:08 IST" duration-ms="617" status="PASS">
          <params>
            <param index="0">
              <value>
                <![CDATA[org.testng.TestRunner@57bd2029]]>
              </value>
            </param>
          </params>
          <reporter-output>
          </reporter-output>
        </test-method> <!-- setUpClass -->
        <test-method signature="runScenario(io.cucumber.testng.PickleWrapper,io.cucumber.testng.FeatureWrapper)[pri:0, instance:RunnerFile.RunnerPilot@2a7f1f10]" started-at="2023-07-27T10:54:08 IST" name="runScenario" description="Runs Cucumber Scenarios" data-provider="scenarios" finished-at="2023-07-27T10:54:08 IST" duration-ms="137" status="PASS">
          <params>
            <param index="0">
              <value>
                <![CDATA["To Update Profile"]]>
              </value>
            </param>
            <param index="1">
              <value>
                <![CDATA["Optional[USER FUNCTIONS]"]]>
              </value>
            </param>
          </params>
          <reporter-output>
          </reporter-output>
        </test-method> <!-- runScenario -->
        <test-method signature="runScenario(io.cucumber.testng.PickleWrapper,io.cucumber.testng.FeatureWrapper)[pri:0, instance:RunnerFile.RunnerPilot@2a7f1f10]" started-at="2023-07-27T10:54:08 IST" name="runScenario" description="Runs Cucumber Scenarios" data-provider="scenarios" finished-at="2023-07-27T10:54:08 IST" duration-ms="16" status="PASS">
          <params>
            <param index="0">
              <value>
                <![CDATA["To Add Second Address"]]>
              </value>
            </param>
            <param index="1">
              <value>
                <![CDATA["Optional[USER FUNCTIONS]"]]>
              </value>
            </param>
          </params>
          <reporter-output>
          </reporter-output>
        </test-method> <!-- runScenario -->
        <test-method signature="runScenario(io.cucumber.testng.PickleWrapper,io.cucumber.testng.FeatureWrapper)[pri:0, instance:RunnerFile.RunnerPilot@2a7f1f10]" started-at="2023-07-27T10:54:08 IST" name="runScenario" description="Runs Cucumber Scenarios" data-provider="scenarios" finished-at="2023-07-27T10:54:08 IST" duration-ms="9" status="PASS">
          <params>
            <param index="0">
              <value>
                <![CDATA["To Add  Another Phone Number"]]>
              </value>
            </param>
            <param index="1">
              <value>
                <![CDATA["Optional[USER FUNCTIONS]"]]>
              </value>
            </param>
          </params>
          <reporter-output>
          </reporter-output>
        </test-method> <!-- runScenario -->
        <test-method signature="runScenario(io.cucumber.testng.PickleWrapper,io.cucumber.testng.FeatureWrapper)[pri:0, instance:RunnerFile.RunnerPilot@2a7f1f10]" started-at="2023-07-27T10:54:08 IST" name="runScenario" description="Runs Cucumber Scenarios" data-provider="scenarios" finished-at="2023-07-27T10:54:08 IST" duration-ms="38" status="PASS">
          <params>
            <param index="0">
              <value>
                <![CDATA["To Manage Passwords"]]>
              </value>
            </param>
            <param index="1">
              <value>
                <![CDATA["Optional[USER FUNCTIONS]"]]>
              </value>
            </param>
          </params>
          <reporter-output>
          </reporter-output>
        </test-method> <!-- runScenario -->
        <test-method signature="runScenario(io.cucumber.testng.PickleWrapper,io.cucumber.testng.FeatureWrapper)[pri:0, instance:RunnerFile.RunnerPilot@2a7f1f10]" started-at="2023-07-27T10:54:08 IST" name="runScenario" description="Runs Cucumber Scenarios" data-provider="scenarios" finished-at="2023-07-27T10:54:08 IST" duration-ms="7" status="PASS">
          <params>
            <param index="0">
              <value>
                <![CDATA["Notification Preferences"]]>
              </value>
            </param>
            <param index="1">
              <value>
                <![CDATA["Optional[USER FUNCTIONS]"]]>
              </value>
            </param>
          </params>
          <reporter-output>
          </reporter-output>
        </test-method> <!-- runScenario -->
        <test-method signature="runScenario(io.cucumber.testng.PickleWrapper,io.cucumber.testng.FeatureWrapper)[pri:0, instance:RunnerFile.RunnerPilot@2a7f1f10]" started-at="2023-07-27T10:54:08 IST" name="runScenario" description="Runs Cucumber Scenarios" data-provider="scenarios" finished-at="2023-07-27T10:54:08 IST" duration-ms="7" status="PASS">
          <params>
            <param index="0">
              <value>
                <![CDATA["To Manage and handle Contacts"]]>
              </value>
            </param>
            <param index="1">
              <value>
                <![CDATA["Optional[USER FUNCTIONS]"]]>
              </value>
            </param>
          </params>
          <reporter-output>
          </reporter-output>
        </test-method> <!-- runScenario -->
        <test-method is-config="true" signature="tearDownClass()[pri:0, instance:RunnerFile.RunnerPilot@2a7f1f10]" started-at="2023-07-27T10:54:08 IST" name="tearDownClass" finished-at="2023-07-27T10:54:08 IST" duration-ms="31" status="PASS">
          <reporter-output>
          </reporter-output>
        </test-method> <!-- tearDownClass -->
      </class> <!-- RunnerFile.RunnerPilot -->
    </test> <!-- Default test -->
  </suite> <!-- Default suite -->
</testng-results>
