<?xml version="1.0" encoding="UTF-8"?>
<testng-results ignored="0" total="2" passed="2" failed="0" skipped="0">
  <reporter-output>
  </reporter-output>
  <suite started-at="2023-07-26T17:14:27 IST" name="Default suite" finished-at="2023-07-26T17:14:30 IST" duration-ms="3113">
    <groups>
      <group name="cucumber">
        <method signature="AbstractTestNGCucumberTests.runScenario(io.cucumber.testng.PickleWrapper,io.cucumber.testng.FeatureWrapper)[pri:0, instance:com.RunnerpPilot4.RunnerClass4@38cee291]" name="runScenario" class="io.cucumber.testng.AbstractTestNGCucumberTests"/>
      </group> <!-- cucumber -->
    </groups>
    <test started-at="2023-07-26T17:14:27 IST" name="Default test" finished-at="2023-07-26T17:14:30 IST" duration-ms="3113">
      <class name="com.RunnerpPilot4.RunnerClass4">
        <test-method is-config="true" signature="setUpClass(org.testng.ITestContext)[pri:0, instance:com.RunnerpPilot4.RunnerClass4@38cee291]" started-at="2023-07-26T17:14:27 IST" name="setUpClass" finished-at="2023-07-26T17:14:28 IST" duration-ms="1133" status="PASS">
          <params>
            <param index="0">
              <value>
                <![CDATA[org.testng.TestRunner@6d0be7ab]]>
              </value>
            </param>
          </params>
          <reporter-output>
          </reporter-output>
        </test-method> <!-- setUpClass -->
        <test-method signature="runScenario(io.cucumber.testng.PickleWrapper,io.cucumber.testng.FeatureWrapper)[pri:0, instance:com.RunnerpPilot4.RunnerClass4@38cee291]" started-at="2023-07-26T17:14:28 IST" name="runScenario" description="Runs Cucumber Scenarios" data-provider="scenarios" finished-at="2023-07-26T17:14:28 IST" duration-ms="498" status="PASS">
          <params>
            <param index="0">
              <value>
                <![CDATA["Send a Rich Text Message to a User"]]>
              </value>
            </param>
            <param index="1">
              <value>
                <![CDATA["Optional[Send Rich Text Message]"]]>
              </value>
            </param>
          </params>
          <reporter-output>
          </reporter-output>
        </test-method> <!-- runScenario -->
        <test-method signature="runScenario(io.cucumber.testng.PickleWrapper,io.cucumber.testng.FeatureWrapper)[pri:0, instance:com.RunnerpPilot4.RunnerClass4@38cee291]" started-at="2023-07-26T17:14:28 IST" name="runScenario" description="Runs Cucumber Scenarios" data-provider="scenarios" finished-at="2023-07-26T17:14:28 IST" duration-ms="5" status="PASS">
          <params>
            <param index="0">
              <value>
                <![CDATA["Send a Rich Text Message to a User"]]>
              </value>
            </param>
            <param index="1">
              <value>
                <![CDATA["Optional[Send Rich Text Message]"]]>
              </value>
            </param>
          </params>
          <reporter-output>
          </reporter-output>
        </test-method> <!-- runScenario -->
        <test-method is-config="true" signature="tearDownClass()[pri:0, instance:com.RunnerpPilot4.RunnerClass4@38cee291]" started-at="2023-07-26T17:14:28 IST" name="tearDownClass" finished-at="2023-07-26T17:14:30 IST" duration-ms="1445" status="PASS">
          <reporter-output>
          </reporter-output>
        </test-method> <!-- tearDownClass -->
      </class> <!-- com.RunnerpPilot4.RunnerClass4 -->
    </test> <!-- Default test -->
  </suite> <!-- Default suite -->
</testng-results>
