<?xml version="1.0" encoding="UTF-8"?>
<testng-results ignored="0" total="28" passed="28" failed="0" skipped="0">
  <reporter-output>
  </reporter-output>
  <suite started-at="2023-07-27T10:08:17 IST" name="Default suite" finished-at="2023-07-27T10:08:20 IST" duration-ms="2173">
    <groups>
      <group name="cucumber">
        <method signature="AbstractTestNGCucumberTests.runScenario(io.cucumber.testng.PickleWrapper,io.cucumber.testng.FeatureWrapper)[pri:0, instance:runnerFile.RunnerFile@65c7a252]" name="runScenario" class="io.cucumber.testng.AbstractTestNGCucumberTests"/>
      </group> <!-- cucumber -->
    </groups>
    <test started-at="2023-07-27T10:08:17 IST" name="Default test" finished-at="2023-07-27T10:08:20 IST" duration-ms="2173">
      <class name="runnerFile.RunnerFile">
        <test-method is-config="true" signature="setUpClass(org.testng.ITestContext)[pri:0, instance:runnerFile.RunnerFile@65c7a252]" started-at="2023-07-27T10:08:17 IST" name="setUpClass" finished-at="2023-07-27T10:08:18 IST" duration-ms="714" status="PASS">
          <params>
            <param index="0">
              <value>
                <![CDATA[org.testng.TestRunner@4e3e11b9]]>
              </value>
            </param>
          </params>
          <reporter-output>
          </reporter-output>
        </test-method> <!-- setUpClass -->
        <test-method signature="runScenario(io.cucumber.testng.PickleWrapper,io.cucumber.testng.FeatureWrapper)[pri:0, instance:runnerFile.RunnerFile@65c7a252]" started-at="2023-07-27T10:08:18 IST" name="runScenario" description="Runs Cucumber Scenarios" data-provider="scenarios" finished-at="2023-07-27T10:08:18 IST" duration-ms="210" status="PASS">
          <params>
            <param index="0">
              <value>
                <![CDATA["UpdateProfile"]]>
              </value>
            </param>
            <param index="1">
              <value>
                <![CDATA["Optional[User Functionality for Cyclos Web Application]"]]>
              </value>
            </param>
          </params>
          <reporter-output>
          </reporter-output>
        </test-method> <!-- runScenario -->
        <test-method signature="runScenario(io.cucumber.testng.PickleWrapper,io.cucumber.testng.FeatureWrapper)[pri:0, instance:runnerFile.RunnerFile@65c7a252]" started-at="2023-07-27T10:08:18 IST" name="runScenario" description="Runs Cucumber Scenarios" data-provider="scenarios" finished-at="2023-07-27T10:08:18 IST" duration-ms="40" status="PASS">
          <params>
            <param index="0">
              <value>
                <![CDATA["Add Multiple Address"]]>
              </value>
            </param>
            <param index="1">
              <value>
                <![CDATA["Optional[User Functionality for Cyclos Web Application]"]]>
              </value>
            </param>
          </params>
          <reporter-output>
          </reporter-output>
        </test-method> <!-- runScenario -->
        <test-method signature="runScenario(io.cucumber.testng.PickleWrapper,io.cucumber.testng.FeatureWrapper)[pri:0, instance:runnerFile.RunnerFile@65c7a252]" started-at="2023-07-27T10:08:18 IST" name="runScenario" description="Runs Cucumber Scenarios" data-provider="scenarios" finished-at="2023-07-27T10:08:18 IST" duration-ms="21" status="PASS">
          <params>
            <param index="0">
              <value>
                <![CDATA["Add Multiple Phone"]]>
              </value>
            </param>
            <param index="1">
              <value>
                <![CDATA["Optional[User Functionality for Cyclos Web Application]"]]>
              </value>
            </param>
          </params>
          <reporter-output>
          </reporter-output>
        </test-method> <!-- runScenario -->
        <test-method signature="runScenario(io.cucumber.testng.PickleWrapper,io.cucumber.testng.FeatureWrapper)[pri:0, instance:runnerFile.RunnerFile@65c7a252]" started-at="2023-07-27T10:08:18 IST" name="runScenario" description="Runs Cucumber Scenarios" data-provider="scenarios" finished-at="2023-07-27T10:08:18 IST" duration-ms="21" status="PASS">
          <params>
            <param index="0">
              <value>
                <![CDATA["Manage passwords"]]>
              </value>
            </param>
            <param index="1">
              <value>
                <![CDATA["Optional[User Functionality for Cyclos Web Application]"]]>
              </value>
            </param>
          </params>
          <reporter-output>
          </reporter-output>
        </test-method> <!-- runScenario -->
        <test-method signature="runScenario(io.cucumber.testng.PickleWrapper,io.cucumber.testng.FeatureWrapper)[pri:0, instance:runnerFile.RunnerFile@65c7a252]" started-at="2023-07-27T10:08:18 IST" name="runScenario" description="Runs Cucumber Scenarios" data-provider="scenarios" finished-at="2023-07-27T10:08:18 IST" duration-ms="16" status="PASS">
          <params>
            <param index="0">
              <value>
                <![CDATA["Notification preferences"]]>
              </value>
            </param>
            <param index="1">
              <value>
                <![CDATA["Optional[User Functionality for Cyclos Web Application]"]]>
              </value>
            </param>
          </params>
          <reporter-output>
          </reporter-output>
        </test-method> <!-- runScenario -->
        <test-method signature="runScenario(io.cucumber.testng.PickleWrapper,io.cucumber.testng.FeatureWrapper)[pri:0, instance:runnerFile.RunnerFile@65c7a252]" started-at="2023-07-27T10:08:18 IST" name="runScenario" description="Runs Cucumber Scenarios" data-provider="scenarios" finished-at="2023-07-27T10:08:18 IST" duration-ms="22" status="PASS">
          <params>
            <param index="0">
              <value>
                <![CDATA["Manage contacts"]]>
              </value>
            </param>
            <param index="1">
              <value>
                <![CDATA["Optional[User Functionality for Cyclos Web Application]"]]>
              </value>
            </param>
          </params>
          <reporter-output>
          </reporter-output>
        </test-method> <!-- runScenario -->
        <test-method signature="runScenario(io.cucumber.testng.PickleWrapper,io.cucumber.testng.FeatureWrapper)[pri:0, instance:runnerFile.RunnerFile@65c7a252]" started-at="2023-07-27T10:08:18 IST" name="runScenario" description="Runs Cucumber Scenarios" data-provider="scenarios" finished-at="2023-07-27T10:08:18 IST" duration-ms="21" status="PASS">
          <params>
            <param index="0">
              <value>
                <![CDATA["View Account Summary"]]>
              </value>
            </param>
            <param index="1">
              <value>
                <![CDATA["Optional[Banking Account Information]"]]>
              </value>
            </param>
          </params>
          <reporter-output>
          </reporter-output>
        </test-method> <!-- runScenario -->
        <test-method signature="runScenario(io.cucumber.testng.PickleWrapper,io.cucumber.testng.FeatureWrapper)[pri:0, instance:runnerFile.RunnerFile@65c7a252]" started-at="2023-07-27T10:08:18 IST" name="runScenario" description="Runs Cucumber Scenarios" data-provider="scenarios" finished-at="2023-07-27T10:08:18 IST" duration-ms="15" status="PASS">
          <params>
            <param index="0">
              <value>
                <![CDATA["View Current Balance"]]>
              </value>
            </param>
            <param index="1">
              <value>
                <![CDATA["Optional[Banking Account Information]"]]>
              </value>
            </param>
          </params>
          <reporter-output>
          </reporter-output>
        </test-method> <!-- runScenario -->
        <test-method signature="runScenario(io.cucumber.testng.PickleWrapper,io.cucumber.testng.FeatureWrapper)[pri:0, instance:runnerFile.RunnerFile@65c7a252]" started-at="2023-07-27T10:08:18 IST" name="runScenario" description="Runs Cucumber Scenarios" data-provider="scenarios" finished-at="2023-07-27T10:08:18 IST" duration-ms="18" status="PASS">
          <params>
            <param index="0">
              <value>
                <![CDATA["View Payment History"]]>
              </value>
            </param>
            <param index="1">
              <value>
                <![CDATA["Optional[Banking Account Information]"]]>
              </value>
            </param>
          </params>
          <reporter-output>
          </reporter-output>
        </test-method> <!-- runScenario -->
        <test-method signature="runScenario(io.cucumber.testng.PickleWrapper,io.cucumber.testng.FeatureWrapper)[pri:0, instance:runnerFile.RunnerFile@65c7a252]" started-at="2023-07-27T10:08:18 IST" name="runScenario" description="Runs Cucumber Scenarios" data-provider="scenarios" finished-at="2023-07-27T10:08:18 IST" duration-ms="16" status="PASS">
          <params>
            <param index="0">
              <value>
                <![CDATA["Print and Export Payment"]]>
              </value>
            </param>
            <param index="1">
              <value>
                <![CDATA["Optional[Banking Account Information]"]]>
              </value>
            </param>
          </params>
          <reporter-output>
          </reporter-output>
        </test-method> <!-- runScenario -->
        <test-method signature="runScenario(io.cucumber.testng.PickleWrapper,io.cucumber.testng.FeatureWrapper)[pri:0, instance:runnerFile.RunnerFile@65c7a252]" started-at="2023-07-27T10:08:18 IST" name="runScenario" description="Runs Cucumber Scenarios" data-provider="scenarios" finished-at="2023-07-27T10:08:19 IST" duration-ms="22" status="PASS">
          <params>
            <param index="0">
              <value>
                <![CDATA["Search Payments"]]>
              </value>
            </param>
            <param index="1">
              <value>
                <![CDATA["Optional[Banking Account Information]"]]>
              </value>
            </param>
          </params>
          <reporter-output>
          </reporter-output>
        </test-method> <!-- runScenario -->
        <test-method signature="runScenario(io.cucumber.testng.PickleWrapper,io.cucumber.testng.FeatureWrapper)[pri:0, instance:runnerFile.RunnerFile@65c7a252]" started-at="2023-07-27T10:08:19 IST" name="runScenario" description="Runs Cucumber Scenarios" data-provider="scenarios" finished-at="2023-07-27T10:08:19 IST" duration-ms="19" status="PASS">
          <params>
            <param index="0">
              <value>
                <![CDATA["View Payment Details"]]>
              </value>
            </param>
            <param index="1">
              <value>
                <![CDATA["Optional[Banking Account Information]"]]>
              </value>
            </param>
          </params>
          <reporter-output>
          </reporter-output>
        </test-method> <!-- runScenario -->
        <test-method signature="runScenario(io.cucumber.testng.PickleWrapper,io.cucumber.testng.FeatureWrapper)[pri:0, instance:runnerFile.RunnerFile@65c7a252]" started-at="2023-07-27T10:08:19 IST" name="runScenario" description="Runs Cucumber Scenarios" data-provider="scenarios" finished-at="2023-07-27T10:08:19 IST" duration-ms="17" status="PASS">
          <params>
            <param index="0">
              <value>
                <![CDATA["Print Payment Details"]]>
              </value>
            </param>
            <param index="1">
              <value>
                <![CDATA["Optional[Banking Account Information]"]]>
              </value>
            </param>
          </params>
          <reporter-output>
          </reporter-output>
        </test-method> <!-- runScenario -->
        <test-method signature="runScenario(io.cucumber.testng.PickleWrapper,io.cucumber.testng.FeatureWrapper)[pri:0, instance:runnerFile.RunnerFile@65c7a252]" started-at="2023-07-27T10:08:19 IST" name="runScenario" description="Runs Cucumber Scenarios" data-provider="scenarios" finished-at="2023-07-27T10:08:19 IST" duration-ms="21" status="PASS">
          <params>
            <param index="0">
              <value>
                <![CDATA["User should transact the amount to another user"]]>
              </value>
            </param>
            <param index="1">
              <value>
                <![CDATA["Optional[Payment to User]"]]>
              </value>
            </param>
          </params>
          <reporter-output>
          </reporter-output>
        </test-method> <!-- runScenario -->
        <test-method signature="runScenario(io.cucumber.testng.PickleWrapper,io.cucumber.testng.FeatureWrapper)[pri:0, instance:runnerFile.RunnerFile@65c7a252]" started-at="2023-07-27T10:08:19 IST" name="runScenario" description="Runs Cucumber Scenarios" data-provider="scenarios" finished-at="2023-07-27T10:08:19 IST" duration-ms="16" status="PASS">
          <params>
            <param index="0">
              <value>
                <![CDATA["User should transact the amount to own account by scheduled methods"]]>
              </value>
            </param>
            <param index="1">
              <value>
                <![CDATA["Optional[Payment to System]"]]>
              </value>
            </param>
          </params>
          <reporter-output>
          </reporter-output>
        </test-method> <!-- runScenario -->
        <test-method signature="runScenario(io.cucumber.testng.PickleWrapper,io.cucumber.testng.FeatureWrapper)[pri:0, instance:runnerFile.RunnerFile@65c7a252]" started-at="2023-07-27T10:08:19 IST" name="runScenario" description="Runs Cucumber Scenarios" data-provider="scenarios" finished-at="2023-07-27T10:08:19 IST" duration-ms="21" status="PASS">
          <params>
            <param index="0">
              <value>
                <![CDATA["User should transact the amount to own account by monthly installments"]]>
              </value>
            </param>
            <param index="1">
              <value>
                <![CDATA["Optional[Payment to System]"]]>
              </value>
            </param>
          </params>
          <reporter-output>
          </reporter-output>
        </test-method> <!-- runScenario -->
        <test-method signature="runScenario(io.cucumber.testng.PickleWrapper,io.cucumber.testng.FeatureWrapper)[pri:0, instance:runnerFile.RunnerFile@65c7a252]" started-at="2023-07-27T10:08:19 IST" name="runScenario" description="Runs Cucumber Scenarios" data-provider="scenarios" finished-at="2023-07-27T10:08:19 IST" duration-ms="18" status="PASS">
          <params>
            <param index="0">
              <value>
                <![CDATA["User should request the amount"]]>
              </value>
            </param>
            <param index="1">
              <value>
                <![CDATA["Optional[Payment Requests]"]]>
              </value>
            </param>
          </params>
          <reporter-output>
          </reporter-output>
        </test-method> <!-- runScenario -->
        <test-method signature="runScenario(io.cucumber.testng.PickleWrapper,io.cucumber.testng.FeatureWrapper)[pri:0, instance:runnerFile.RunnerFile@65c7a252]" started-at="2023-07-27T10:08:19 IST" name="runScenario" description="Runs Cucumber Scenarios" data-provider="scenarios" finished-at="2023-07-27T10:08:19 IST" duration-ms="154" status="PASS">
          <params>
            <param index="0">
              <value>
                <![CDATA["Send a Rich Text Message to a User"]]>
              </value>
            </param>
            <param index="1">
              <value>
                <![CDATA["Optional[Send Rich Text Message]"]]>
              </value>
            </param>
          </params>
          <reporter-output>
          </reporter-output>
        </test-method> <!-- runScenario -->
        <test-method signature="runScenario(io.cucumber.testng.PickleWrapper,io.cucumber.testng.FeatureWrapper)[pri:0, instance:runnerFile.RunnerFile@65c7a252]" started-at="2023-07-27T10:08:19 IST" name="runScenario" description="Runs Cucumber Scenarios" data-provider="scenarios" finished-at="2023-07-27T10:08:19 IST" duration-ms="6" status="PASS">
          <params>
            <param index="0">
              <value>
                <![CDATA["Send a Rich Text Message to a User"]]>
              </value>
            </param>
            <param index="1">
              <value>
                <![CDATA["Optional[Send Rich Text Message]"]]>
              </value>
            </param>
          </params>
          <reporter-output>
          </reporter-output>
        </test-method> <!-- runScenario -->
        <test-method signature="runScenario(io.cucumber.testng.PickleWrapper,io.cucumber.testng.FeatureWrapper)[pri:0, instance:runnerFile.RunnerFile@65c7a252]" started-at="2023-07-27T10:08:19 IST" name="runScenario" description="Runs Cucumber Scenarios" data-provider="scenarios" finished-at="2023-07-27T10:08:19 IST" duration-ms="14" status="PASS">
          <params>
            <param index="0">
              <value>
                <![CDATA["get the alert box in the page"]]>
              </value>
            </param>
            <param index="1">
              <value>
                <![CDATA["Optional[To check the alert in the market place]"]]>
              </value>
            </param>
          </params>
          <reporter-output>
          </reporter-output>
        </test-method> <!-- runScenario -->
        <test-method signature="runScenario(io.cucumber.testng.PickleWrapper,io.cucumber.testng.FeatureWrapper)[pri:0, instance:runnerFile.RunnerFile@65c7a252]" started-at="2023-07-27T10:08:19 IST" name="runScenario" description="Runs Cucumber Scenarios" data-provider="scenarios" finished-at="2023-07-27T10:08:19 IST" duration-ms="12" status="PASS">
          <params>
            <param index="0">
              <value>
                <![CDATA["Print the voucher from my voucher"]]>
              </value>
            </param>
            <param index="1">
              <value>
                <![CDATA["Optional[Print Voucher]"]]>
              </value>
            </param>
          </params>
          <reporter-output>
          </reporter-output>
        </test-method> <!-- runScenario -->
        <test-method signature="runScenario(io.cucumber.testng.PickleWrapper,io.cucumber.testng.FeatureWrapper)[pri:0, instance:runnerFile.RunnerFile@65c7a252]" started-at="2023-07-27T10:08:19 IST" name="runScenario" description="Runs Cucumber Scenarios" data-provider="scenarios" finished-at="2023-07-27T10:08:19 IST" duration-ms="14" status="PASS">
          <params>
            <param index="0">
              <value>
                <![CDATA["User should be able to purchase Cinema voucher and print gift voucher"]]>
              </value>
            </param>
            <param index="1">
              <value>
                <![CDATA["Optional[Gift Voucher Option]"]]>
              </value>
            </param>
          </params>
          <reporter-output>
          </reporter-output>
        </test-method> <!-- runScenario -->
        <test-method signature="runScenario(io.cucumber.testng.PickleWrapper,io.cucumber.testng.FeatureWrapper)[pri:0, instance:runnerFile.RunnerFile@65c7a252]" started-at="2023-07-27T10:08:19 IST" name="runScenario" description="Runs Cucumber Scenarios" data-provider="scenarios" finished-at="2023-07-27T10:08:19 IST" duration-ms="12" status="PASS">
          <params>
            <param index="0">
              <value>
                <![CDATA["User should be able to purchase gift voucher and print gift voucher"]]>
              </value>
            </param>
            <param index="1">
              <value>
                <![CDATA["Optional[Gift Voucher Option]"]]>
              </value>
            </param>
          </params>
          <reporter-output>
          </reporter-output>
        </test-method> <!-- runScenario -->
        <test-method signature="runScenario(io.cucumber.testng.PickleWrapper,io.cucumber.testng.FeatureWrapper)[pri:0, instance:runnerFile.RunnerFile@65c7a252]" started-at="2023-07-27T10:08:19 IST" name="runScenario" description="Runs Cucumber Scenarios" data-provider="scenarios" finished-at="2023-07-27T10:08:19 IST" duration-ms="16" status="PASS">
          <params>
            <param index="0">
              <value>
                <![CDATA["User should be able to purchase restaurant voucher and print gift voucher"]]>
              </value>
            </param>
            <param index="1">
              <value>
                <![CDATA["Optional[Gift Voucher Option]"]]>
              </value>
            </param>
          </params>
          <reporter-output>
          </reporter-output>
        </test-method> <!-- runScenario -->
        <test-method signature="runScenario(io.cucumber.testng.PickleWrapper,io.cucumber.testng.FeatureWrapper)[pri:0, instance:runnerFile.RunnerFile@65c7a252]" started-at="2023-07-27T10:08:19 IST" name="runScenario" description="Runs Cucumber Scenarios" data-provider="scenarios" finished-at="2023-07-27T10:08:19 IST" duration-ms="11" status="PASS">
          <params>
            <param index="0">
              <value>
                <![CDATA["To customise the list of  new advertisement field"]]>
              </value>
            </param>
            <param index="1">
              <value>
                <![CDATA["Optional[Marketplace and advertisement]"]]>
              </value>
            </param>
          </params>
          <reporter-output>
          </reporter-output>
        </test-method> <!-- runScenario -->
        <test-method signature="runScenario(io.cucumber.testng.PickleWrapper,io.cucumber.testng.FeatureWrapper)[pri:0, instance:runnerFile.RunnerFile@65c7a252]" started-at="2023-07-27T10:08:19 IST" name="runScenario" description="Runs Cucumber Scenarios" data-provider="scenarios" finished-at="2023-07-27T10:08:19 IST" duration-ms="9" status="PASS">
          <params>
            <param index="0">
              <value>
                <![CDATA["To browse the advertisement in which category the user needs"]]>
              </value>
            </param>
            <param index="1">
              <value>
                <![CDATA["Optional[Marketplace and advertisement]"]]>
              </value>
            </param>
          </params>
          <reporter-output>
          </reporter-output>
        </test-method> <!-- runScenario -->
        <test-method signature="runScenario(io.cucumber.testng.PickleWrapper,io.cucumber.testng.FeatureWrapper)[pri:0, instance:runnerFile.RunnerFile@65c7a252]" started-at="2023-07-27T10:08:19 IST" name="runScenario" description="Runs Cucumber Scenarios" data-provider="scenarios" finished-at="2023-07-27T10:08:19 IST" duration-ms="8" status="PASS">
          <params>
            <param index="0">
              <value>
                <![CDATA["To verify the advertisement functionality with multiple advertisemnt category"]]>
              </value>
            </param>
            <param index="1">
              <value>
                <![CDATA["Optional[Marketplace and advertisement]"]]>
              </value>
            </param>
          </params>
          <reporter-output>
          </reporter-output>
        </test-method> <!-- runScenario -->
        <test-method signature="runScenario(io.cucumber.testng.PickleWrapper,io.cucumber.testng.FeatureWrapper)[pri:0, instance:runnerFile.RunnerFile@65c7a252]" started-at="2023-07-27T10:08:19 IST" name="runScenario" description="Runs Cucumber Scenarios" data-provider="scenarios" finished-at="2023-07-27T10:08:19 IST" duration-ms="8" status="PASS">
          <params>
            <param index="0">
              <value>
                <![CDATA["To add a customized search for a advertisement field"]]>
              </value>
            </param>
            <param index="1">
              <value>
                <![CDATA["Optional[Marketplace and advertisement]"]]>
              </value>
            </param>
          </params>
          <reporter-output>
          </reporter-output>
        </test-method> <!-- runScenario -->
        <test-method is-config="true" signature="tearDownClass()[pri:0, instance:runnerFile.RunnerFile@65c7a252]" started-at="2023-07-27T10:08:19 IST" name="tearDownClass" finished-at="2023-07-27T10:08:20 IST" duration-ms="600" status="PASS">
          <reporter-output>
          </reporter-output>
        </test-method> <!-- tearDownClass -->
      </class> <!-- runnerFile.RunnerFile -->
    </test> <!-- Default test -->
  </suite> <!-- Default suite -->
</testng-results>
