<?xml version="1.0" encoding="UTF-8"?>
<testng-results ignored="0" total="4" passed="4" failed="0" skipped="0">
  <reporter-output>
  </reporter-output>
  <suite started-at="2023-07-26T15:54:29 IST" name="Default suite" finished-at="2023-07-26T15:55:06 IST" duration-ms="37125">
    <groups>
      <group name="cucumber">
        <method signature="AbstractTestNGCucumberTests.runScenario(io.cucumber.testng.PickleWrapper,io.cucumber.testng.FeatureWrapper)[pri:0, instance:com.Runner.RunnerAd@229c6181]" name="runScenario" class="io.cucumber.testng.AbstractTestNGCucumberTests"/>
      </group> <!-- cucumber -->
    </groups>
    <test started-at="2023-07-26T15:54:29 IST" name="Default test" finished-at="2023-07-26T15:55:06 IST" duration-ms="37125">
      <class name="com.Runner.RunnerAd">
        <test-method is-config="true" signature="setUpClass(org.testng.ITestContext)[pri:0, instance:com.Runner.RunnerAd@229c6181]" started-at="2023-07-26T15:54:29 IST" name="setUpClass" finished-at="2023-07-26T15:54:33 IST" duration-ms="3787" status="PASS">
          <params>
            <param index="0">
              <value>
                <![CDATA[org.testng.TestRunner@7c96c85]]>
              </value>
            </param>
          </params>
          <reporter-output>
          </reporter-output>
        </test-method> <!-- setUpClass -->
        <test-method signature="runScenario(io.cucumber.testng.PickleWrapper,io.cucumber.testng.FeatureWrapper)[pri:0, instance:com.Runner.RunnerAd@229c6181]" started-at="2023-07-26T15:54:33 IST" name="runScenario" description="Runs Cucumber Scenarios" data-provider="scenarios" finished-at="2023-07-26T15:54:33 IST" duration-ms="196" status="PASS">
          <params>
            <param index="0">
              <value>
                <![CDATA["To customise the list of  new advertisement field"]]>
              </value>
            </param>
            <param index="1">
              <value>
                <![CDATA["Optional[Marketplace and advertisement]"]]>
              </value>
            </param>
          </params>
          <reporter-output>
          </reporter-output>
        </test-method> <!-- runScenario -->
        <test-method signature="runScenario(io.cucumber.testng.PickleWrapper,io.cucumber.testng.FeatureWrapper)[pri:0, instance:com.Runner.RunnerAd@229c6181]" started-at="2023-07-26T15:54:33 IST" name="runScenario" description="Runs Cucumber Scenarios" data-provider="scenarios" finished-at="2023-07-26T15:54:33 IST" duration-ms="11" status="PASS">
          <params>
            <param index="0">
              <value>
                <![CDATA["To browse the advertisement in which category the user needs"]]>
              </value>
            </param>
            <param index="1">
              <value>
                <![CDATA["Optional[Marketplace and advertisement]"]]>
              </value>
            </param>
          </params>
          <reporter-output>
          </reporter-output>
        </test-method> <!-- runScenario -->
        <test-method signature="runScenario(io.cucumber.testng.PickleWrapper,io.cucumber.testng.FeatureWrapper)[pri:0, instance:com.Runner.RunnerAd@229c6181]" started-at="2023-07-26T15:54:33 IST" name="runScenario" description="Runs Cucumber Scenarios" data-provider="scenarios" finished-at="2023-07-26T15:54:33 IST" duration-ms="10" status="PASS">
          <params>
            <param index="0">
              <value>
                <![CDATA["To verify the advertisement functionality with multiple advertisemnt category"]]>
              </value>
            </param>
            <param index="1">
              <value>
                <![CDATA["Optional[Marketplace and advertisement]"]]>
              </value>
            </param>
          </params>
          <reporter-output>
          </reporter-output>
        </test-method> <!-- runScenario -->
        <test-method signature="runScenario(io.cucumber.testng.PickleWrapper,io.cucumber.testng.FeatureWrapper)[pri:0, instance:com.Runner.RunnerAd@229c6181]" started-at="2023-07-26T15:54:33 IST" name="runScenario" description="Runs Cucumber Scenarios" data-provider="scenarios" finished-at="2023-07-26T15:54:33 IST" duration-ms="14" status="PASS">
          <params>
            <param index="0">
              <value>
                <![CDATA["To add a customized search for a advertisement field"]]>
              </value>
            </param>
            <param index="1">
              <value>
                <![CDATA["Optional[Marketplace and advertisement]"]]>
              </value>
            </param>
          </params>
          <reporter-output>
          </reporter-output>
        </test-method> <!-- runScenario -->
        <test-method is-config="true" signature="tearDownClass()[pri:0, instance:com.Runner.RunnerAd@229c6181]" started-at="2023-07-26T15:54:33 IST" name="tearDownClass" finished-at="2023-07-26T15:55:06 IST" duration-ms="33074" status="PASS">
          <reporter-output>
          </reporter-output>
        </test-method> <!-- tearDownClass -->
      </class> <!-- com.Runner.RunnerAd -->
    </test> <!-- Default test -->
  </suite> <!-- Default suite -->
</testng-results>
