<?xml version="1.0" encoding="UTF-8"?>
<testng-results ignored="0" total="22" passed="22" failed="0" skipped="0">
  <reporter-output>
  </reporter-output>
  <suite started-at="2023-07-26T20:45:20 IST" name="Default suite" finished-at="2023-07-26T20:45:23 IST" duration-ms="2606">
    <groups>
      <group name="cucumber">
        <method signature="AbstractTestNGCucumberTests.runScenario(io.cucumber.testng.PickleWrapper,io.cucumber.testng.FeatureWrapper)[pri:0, instance:runnerFile.RunnerFile@65c7a252]" name="runScenario" class="io.cucumber.testng.AbstractTestNGCucumberTests"/>
      </group> <!-- cucumber -->
    </groups>
    <test started-at="2023-07-26T20:45:20 IST" name="Default test" finished-at="2023-07-26T20:45:23 IST" duration-ms="2606">
      <class name="runnerFile.RunnerFile">
        <test-method is-config="true" signature="setUpClass(org.testng.ITestContext)[pri:0, instance:runnerFile.RunnerFile@65c7a252]" started-at="2023-07-26T20:45:20 IST" name="setUpClass" finished-at="2023-07-26T20:45:21 IST" duration-ms="925" status="PASS">
          <params>
            <param index="0">
              <value>
                <![CDATA[org.testng.TestRunner@42d6c12d]]>
              </value>
            </param>
          </params>
          <reporter-output>
          </reporter-output>
        </test-method> <!-- setUpClass -->
        <test-method signature="runScenario(io.cucumber.testng.PickleWrapper,io.cucumber.testng.FeatureWrapper)[pri:0, instance:runnerFile.RunnerFile@65c7a252]" started-at="2023-07-26T20:45:21 IST" name="runScenario" description="Runs Cucumber Scenarios" data-provider="scenarios" finished-at="2023-07-26T20:45:22 IST" duration-ms="244" status="PASS">
          <params>
            <param index="0">
              <value>
                <![CDATA["View Account Summary"]]>
              </value>
            </param>
            <param index="1">
              <value>
                <![CDATA["Optional[Banking Account Information]"]]>
              </value>
            </param>
          </params>
          <reporter-output>
          </reporter-output>
        </test-method> <!-- runScenario -->
        <test-method signature="runScenario(io.cucumber.testng.PickleWrapper,io.cucumber.testng.FeatureWrapper)[pri:0, instance:runnerFile.RunnerFile@65c7a252]" started-at="2023-07-26T20:45:22 IST" name="runScenario" description="Runs Cucumber Scenarios" data-provider="scenarios" finished-at="2023-07-26T20:45:22 IST" duration-ms="46" status="PASS">
          <params>
            <param index="0">
              <value>
                <![CDATA["View Current Balance"]]>
              </value>
            </param>
            <param index="1">
              <value>
                <![CDATA["Optional[Banking Account Information]"]]>
              </value>
            </param>
          </params>
          <reporter-output>
          </reporter-output>
        </test-method> <!-- runScenario -->
        <test-method signature="runScenario(io.cucumber.testng.PickleWrapper,io.cucumber.testng.FeatureWrapper)[pri:0, instance:runnerFile.RunnerFile@65c7a252]" started-at="2023-07-26T20:45:22 IST" name="runScenario" description="Runs Cucumber Scenarios" data-provider="scenarios" finished-at="2023-07-26T20:45:22 IST" duration-ms="22" status="PASS">
          <params>
            <param index="0">
              <value>
                <![CDATA["View Payment History"]]>
              </value>
            </param>
            <param index="1">
              <value>
                <![CDATA["Optional[Banking Account Information]"]]>
              </value>
            </param>
          </params>
          <reporter-output>
          </reporter-output>
        </test-method> <!-- runScenario -->
        <test-method signature="runScenario(io.cucumber.testng.PickleWrapper,io.cucumber.testng.FeatureWrapper)[pri:0, instance:runnerFile.RunnerFile@65c7a252]" started-at="2023-07-26T20:45:22 IST" name="runScenario" description="Runs Cucumber Scenarios" data-provider="scenarios" finished-at="2023-07-26T20:45:22 IST" duration-ms="26" status="PASS">
          <params>
            <param index="0">
              <value>
                <![CDATA["Print and Export Payment"]]>
              </value>
            </param>
            <param index="1">
              <value>
                <![CDATA["Optional[Banking Account Information]"]]>
              </value>
            </param>
          </params>
          <reporter-output>
          </reporter-output>
        </test-method> <!-- runScenario -->
        <test-method signature="runScenario(io.cucumber.testng.PickleWrapper,io.cucumber.testng.FeatureWrapper)[pri:0, instance:runnerFile.RunnerFile@65c7a252]" started-at="2023-07-26T20:45:22 IST" name="runScenario" description="Runs Cucumber Scenarios" data-provider="scenarios" finished-at="2023-07-26T20:45:22 IST" duration-ms="36" status="PASS">
          <params>
            <param index="0">
              <value>
                <![CDATA["Search Payments"]]>
              </value>
            </param>
            <param index="1">
              <value>
                <![CDATA["Optional[Banking Account Information]"]]>
              </value>
            </param>
          </params>
          <reporter-output>
          </reporter-output>
        </test-method> <!-- runScenario -->
        <test-method signature="runScenario(io.cucumber.testng.PickleWrapper,io.cucumber.testng.FeatureWrapper)[pri:0, instance:runnerFile.RunnerFile@65c7a252]" started-at="2023-07-26T20:45:22 IST" name="runScenario" description="Runs Cucumber Scenarios" data-provider="scenarios" finished-at="2023-07-26T20:45:22 IST" duration-ms="19" status="PASS">
          <params>
            <param index="0">
              <value>
                <![CDATA["View Payment Details"]]>
              </value>
            </param>
            <param index="1">
              <value>
                <![CDATA["Optional[Banking Account Information]"]]>
              </value>
            </param>
          </params>
          <reporter-output>
          </reporter-output>
        </test-method> <!-- runScenario -->
        <test-method signature="runScenario(io.cucumber.testng.PickleWrapper,io.cucumber.testng.FeatureWrapper)[pri:0, instance:runnerFile.RunnerFile@65c7a252]" started-at="2023-07-26T20:45:22 IST" name="runScenario" description="Runs Cucumber Scenarios" data-provider="scenarios" finished-at="2023-07-26T20:45:22 IST" duration-ms="24" status="PASS">
          <params>
            <param index="0">
              <value>
                <![CDATA["Print Payment Details"]]>
              </value>
            </param>
            <param index="1">
              <value>
                <![CDATA["Optional[Banking Account Information]"]]>
              </value>
            </param>
          </params>
          <reporter-output>
          </reporter-output>
        </test-method> <!-- runScenario -->
        <test-method signature="runScenario(io.cucumber.testng.PickleWrapper,io.cucumber.testng.FeatureWrapper)[pri:0, instance:runnerFile.RunnerFile@65c7a252]" started-at="2023-07-26T20:45:22 IST" name="runScenario" description="Runs Cucumber Scenarios" data-provider="scenarios" finished-at="2023-07-26T20:45:22 IST" duration-ms="21" status="PASS">
          <params>
            <param index="0">
              <value>
                <![CDATA["User should transact the amount to another user"]]>
              </value>
            </param>
            <param index="1">
              <value>
                <![CDATA["Optional[Payment to User]"]]>
              </value>
            </param>
          </params>
          <reporter-output>
          </reporter-output>
        </test-method> <!-- runScenario -->
        <test-method signature="runScenario(io.cucumber.testng.PickleWrapper,io.cucumber.testng.FeatureWrapper)[pri:0, instance:runnerFile.RunnerFile@65c7a252]" started-at="2023-07-26T20:45:22 IST" name="runScenario" description="Runs Cucumber Scenarios" data-provider="scenarios" finished-at="2023-07-26T20:45:22 IST" duration-ms="24" status="PASS">
          <params>
            <param index="0">
              <value>
                <![CDATA["User should transact the amount to own account by scheduled methods"]]>
              </value>
            </param>
            <param index="1">
              <value>
                <![CDATA["Optional[Payment to System]"]]>
              </value>
            </param>
          </params>
          <reporter-output>
          </reporter-output>
        </test-method> <!-- runScenario -->
        <test-method signature="runScenario(io.cucumber.testng.PickleWrapper,io.cucumber.testng.FeatureWrapper)[pri:0, instance:runnerFile.RunnerFile@65c7a252]" started-at="2023-07-26T20:45:22 IST" name="runScenario" description="Runs Cucumber Scenarios" data-provider="scenarios" finished-at="2023-07-26T20:45:22 IST" duration-ms="19" status="PASS">
          <params>
            <param index="0">
              <value>
                <![CDATA["User should transact the amount to own account by monthly installments"]]>
              </value>
            </param>
            <param index="1">
              <value>
                <![CDATA["Optional[Payment to System]"]]>
              </value>
            </param>
          </params>
          <reporter-output>
          </reporter-output>
        </test-method> <!-- runScenario -->
        <test-method signature="runScenario(io.cucumber.testng.PickleWrapper,io.cucumber.testng.FeatureWrapper)[pri:0, instance:runnerFile.RunnerFile@65c7a252]" started-at="2023-07-26T20:45:22 IST" name="runScenario" description="Runs Cucumber Scenarios" data-provider="scenarios" finished-at="2023-07-26T20:45:22 IST" duration-ms="25" status="PASS">
          <params>
            <param index="0">
              <value>
                <![CDATA["User should request the amount"]]>
              </value>
            </param>
            <param index="1">
              <value>
                <![CDATA["Optional[Payment Requests]"]]>
              </value>
            </param>
          </params>
          <reporter-output>
          </reporter-output>
        </test-method> <!-- runScenario -->
        <test-method signature="runScenario(io.cucumber.testng.PickleWrapper,io.cucumber.testng.FeatureWrapper)[pri:0, instance:runnerFile.RunnerFile@65c7a252]" started-at="2023-07-26T20:45:22 IST" name="runScenario" description="Runs Cucumber Scenarios" data-provider="scenarios" finished-at="2023-07-26T20:45:22 IST" duration-ms="211" status="PASS">
          <params>
            <param index="0">
              <value>
                <![CDATA["Send a Rich Text Message to a User"]]>
              </value>
            </param>
            <param index="1">
              <value>
                <![CDATA["Optional[Send Rich Text Message]"]]>
              </value>
            </param>
          </params>
          <reporter-output>
          </reporter-output>
        </test-method> <!-- runScenario -->
        <test-method signature="runScenario(io.cucumber.testng.PickleWrapper,io.cucumber.testng.FeatureWrapper)[pri:0, instance:runnerFile.RunnerFile@65c7a252]" started-at="2023-07-26T20:45:22 IST" name="runScenario" description="Runs Cucumber Scenarios" data-provider="scenarios" finished-at="2023-07-26T20:45:22 IST" duration-ms="7" status="PASS">
          <params>
            <param index="0">
              <value>
                <![CDATA["Send a Rich Text Message to a User"]]>
              </value>
            </param>
            <param index="1">
              <value>
                <![CDATA["Optional[Send Rich Text Message]"]]>
              </value>
            </param>
          </params>
          <reporter-output>
          </reporter-output>
        </test-method> <!-- runScenario -->
        <test-method signature="runScenario(io.cucumber.testng.PickleWrapper,io.cucumber.testng.FeatureWrapper)[pri:0, instance:runnerFile.RunnerFile@65c7a252]" started-at="2023-07-26T20:45:22 IST" name="runScenario" description="Runs Cucumber Scenarios" data-provider="scenarios" finished-at="2023-07-26T20:45:22 IST" duration-ms="17" status="PASS">
          <params>
            <param index="0">
              <value>
                <![CDATA["get the alert box in the page"]]>
              </value>
            </param>
            <param index="1">
              <value>
                <![CDATA["Optional[To check the alert in the market place]"]]>
              </value>
            </param>
          </params>
          <reporter-output>
          </reporter-output>
        </test-method> <!-- runScenario -->
        <test-method signature="runScenario(io.cucumber.testng.PickleWrapper,io.cucumber.testng.FeatureWrapper)[pri:0, instance:runnerFile.RunnerFile@65c7a252]" started-at="2023-07-26T20:45:22 IST" name="runScenario" description="Runs Cucumber Scenarios" data-provider="scenarios" finished-at="2023-07-26T20:45:22 IST" duration-ms="16" status="PASS">
          <params>
            <param index="0">
              <value>
                <![CDATA["Print the voucher from my voucher"]]>
              </value>
            </param>
            <param index="1">
              <value>
                <![CDATA["Optional[Print Voucher]"]]>
              </value>
            </param>
          </params>
          <reporter-output>
          </reporter-output>
        </test-method> <!-- runScenario -->
        <test-method signature="runScenario(io.cucumber.testng.PickleWrapper,io.cucumber.testng.FeatureWrapper)[pri:0, instance:runnerFile.RunnerFile@65c7a252]" started-at="2023-07-26T20:45:22 IST" name="runScenario" description="Runs Cucumber Scenarios" data-provider="scenarios" finished-at="2023-07-26T20:45:22 IST" duration-ms="24" status="PASS">
          <params>
            <param index="0">
              <value>
                <![CDATA["User should be able to purchase Cinema voucher and print gift voucher"]]>
              </value>
            </param>
            <param index="1">
              <value>
                <![CDATA["Optional[Gift Voucher Option]"]]>
              </value>
            </param>
          </params>
          <reporter-output>
          </reporter-output>
        </test-method> <!-- runScenario -->
        <test-method signature="runScenario(io.cucumber.testng.PickleWrapper,io.cucumber.testng.FeatureWrapper)[pri:0, instance:runnerFile.RunnerFile@65c7a252]" started-at="2023-07-26T20:45:22 IST" name="runScenario" description="Runs Cucumber Scenarios" data-provider="scenarios" finished-at="2023-07-26T20:45:22 IST" duration-ms="18" status="PASS">
          <params>
            <param index="0">
              <value>
                <![CDATA["User should be able to purchase gift voucher and print gift voucher"]]>
              </value>
            </param>
            <param index="1">
              <value>
                <![CDATA["Optional[Gift Voucher Option]"]]>
              </value>
            </param>
          </params>
          <reporter-output>
          </reporter-output>
        </test-method> <!-- runScenario -->
        <test-method signature="runScenario(io.cucumber.testng.PickleWrapper,io.cucumber.testng.FeatureWrapper)[pri:0, instance:runnerFile.RunnerFile@65c7a252]" started-at="2023-07-26T20:45:22 IST" name="runScenario" description="Runs Cucumber Scenarios" data-provider="scenarios" finished-at="2023-07-26T20:45:22 IST" duration-ms="18" status="PASS">
          <params>
            <param index="0">
              <value>
                <![CDATA["User should be able to purchase restaurant voucher and print gift voucher"]]>
              </value>
            </param>
            <param index="1">
              <value>
                <![CDATA["Optional[Gift Voucher Option]"]]>
              </value>
            </param>
          </params>
          <reporter-output>
          </reporter-output>
        </test-method> <!-- runScenario -->
        <test-method signature="runScenario(io.cucumber.testng.PickleWrapper,io.cucumber.testng.FeatureWrapper)[pri:0, instance:runnerFile.RunnerFile@65c7a252]" started-at="2023-07-26T20:45:22 IST" name="runScenario" description="Runs Cucumber Scenarios" data-provider="scenarios" finished-at="2023-07-26T20:45:22 IST" duration-ms="17" status="PASS">
          <params>
            <param index="0">
              <value>
                <![CDATA["To customise the list of  new advertisement field"]]>
              </value>
            </param>
            <param index="1">
              <value>
                <![CDATA["Optional[Marketplace and advertisement]"]]>
              </value>
            </param>
          </params>
          <reporter-output>
          </reporter-output>
        </test-method> <!-- runScenario -->
        <test-method signature="runScenario(io.cucumber.testng.PickleWrapper,io.cucumber.testng.FeatureWrapper)[pri:0, instance:runnerFile.RunnerFile@65c7a252]" started-at="2023-07-26T20:45:22 IST" name="runScenario" description="Runs Cucumber Scenarios" data-provider="scenarios" finished-at="2023-07-26T20:45:22 IST" duration-ms="13" status="PASS">
          <params>
            <param index="0">
              <value>
                <![CDATA["To browse the advertisement in which category the user needs"]]>
              </value>
            </param>
            <param index="1">
              <value>
                <![CDATA["Optional[Marketplace and advertisement]"]]>
              </value>
            </param>
          </params>
          <reporter-output>
          </reporter-output>
        </test-method> <!-- runScenario -->
        <test-method signature="runScenario(io.cucumber.testng.PickleWrapper,io.cucumber.testng.FeatureWrapper)[pri:0, instance:runnerFile.RunnerFile@65c7a252]" started-at="2023-07-26T20:45:22 IST" name="runScenario" description="Runs Cucumber Scenarios" data-provider="scenarios" finished-at="2023-07-26T20:45:22 IST" duration-ms="13" status="PASS">
          <params>
            <param index="0">
              <value>
                <![CDATA["To verify the advertisement functionality with multiple advertisemnt category"]]>
              </value>
            </param>
            <param index="1">
              <value>
                <![CDATA["Optional[Marketplace and advertisement]"]]>
              </value>
            </param>
          </params>
          <reporter-output>
          </reporter-output>
        </test-method> <!-- runScenario -->
        <test-method signature="runScenario(io.cucumber.testng.PickleWrapper,io.cucumber.testng.FeatureWrapper)[pri:0, instance:runnerFile.RunnerFile@65c7a252]" started-at="2023-07-26T20:45:22 IST" name="runScenario" description="Runs Cucumber Scenarios" data-provider="scenarios" finished-at="2023-07-26T20:45:22 IST" duration-ms="12" status="PASS">
          <params>
            <param index="0">
              <value>
                <![CDATA["To add a customized search for a advertisement field"]]>
              </value>
            </param>
            <param index="1">
              <value>
                <![CDATA["Optional[Marketplace and advertisement]"]]>
              </value>
            </param>
          </params>
          <reporter-output>
          </reporter-output>
        </test-method> <!-- runScenario -->
        <test-method is-config="true" signature="tearDownClass()[pri:0, instance:runnerFile.RunnerFile@65c7a252]" started-at="2023-07-26T20:45:22 IST" name="tearDownClass" finished-at="2023-07-26T20:45:23 IST" duration-ms="734" status="PASS">
          <reporter-output>
          </reporter-output>
        </test-method> <!-- tearDownClass -->
      </class> <!-- runnerFile.RunnerFile -->
    </test> <!-- Default test -->
  </suite> <!-- Default suite -->
</testng-results>
